2020-04-07 17:02:58,220 - matplotlib.image - WARNING - Clipping input data to the valid range for imshow with RGB data ([0..1] for floats or [0..255] for integers).
2020-04-07 17:02:58,226 - matplotlib.image - WARNING - Clipping input data to the valid range for imshow with RGB data ([0..1] for floats or [0..255] for integers).
2020-04-07 17:12:26,722 - matplotlib.image - WARNING - Clipping input data to the valid range for imshow with RGB data ([0..1] for floats or [0..255] for integers).
2020-04-07 17:12:37,530 - matplotlib.image - WARNING - Clipping input data to the valid range for imshow with RGB data ([0..1] for floats or [0..255] for integers).
2020-04-07 17:16:30,429 - matplotlib.image - WARNING - Clipping input data to the valid range for imshow with RGB data ([0..1] for floats or [0..255] for integers).
2020-04-07 17:16:30,434 - matplotlib.image - WARNING - Clipping input data to the valid range for imshow with RGB data ([0..1] for floats or [0..255] for integers).
2020-04-07 17:20:11,424 - matplotlib.image - WARNING - Clipping input data to the valid range for imshow with RGB data ([0..1] for floats or [0..255] for integers).
2020-04-07 17:20:12,216 - matplotlib.image - WARNING - Clipping input data to the valid range for imshow with RGB data ([0..1] for floats or [0..255] for integers).
2020-04-07 17:25:57,642 - matplotlib.image - WARNING - Clipping input data to the valid range for imshow with RGB data ([0..1] for floats or [0..255] for integers).
2020-04-07 17:25:58,439 - matplotlib.image - WARNING - Clipping input data to the valid range for imshow with RGB data ([0..1] for floats or [0..255] for integers).
2020-04-07 17:30:43,286 - matplotlib.image - WARNING - Clipping input data to the valid range for imshow with RGB data ([0..1] for floats or [0..255] for integers).
2020-04-07 17:31:13,472 - matplotlib.image - WARNING - Clipping input data to the valid range for imshow with RGB data ([0..1] for floats or [0..255] for integers).
2020-04-07 17:35:11,082 - matplotlib.image - WARNING - Clipping input data to the valid range for imshow with RGB data ([0..1] for floats or [0..255] for integers).
2020-04-07 17:35:15,923 - matplotlib.image - WARNING - Clipping input data to the valid range for imshow with RGB data ([0..1] for floats or [0..255] for integers).
2020-04-07 17:35:16,846 - matplotlib.image - WARNING - Clipping input data to the valid range for imshow with RGB data ([0..1] for floats or [0..255] for integers).
2020-04-07 17:47:12,446 - matplotlib.image - WARNING - Clipping input data to the valid range for imshow with RGB data ([0..1] for floats or [0..255] for integers).
2020-04-07 17:47:13,227 - matplotlib.image - WARNING - Clipping input data to the valid range for imshow with RGB data ([0..1] for floats or [0..255] for integers).
2020-04-07 17:50:26,789 - matplotlib.image - WARNING - Clipping input data to the valid range for imshow with RGB data ([0..1] for floats or [0..255] for integers).
2020-04-07 17:50:27,768 - matplotlib.image - WARNING - Clipping input data to the valid range for imshow with RGB data ([0..1] for floats or [0..255] for integers).
2020-04-07 18:19:41,712 - matplotlib.image - WARNING - Clipping input data to the valid range for imshow with RGB data ([0..1] for floats or [0..255] for integers).
2020-04-07 18:19:42,568 - matplotlib.image - WARNING - Clipping input data to the valid range for imshow with RGB data ([0..1] for floats or [0..255] for integers).
2020-04-11 16:06:25,567 - tensorflow - WARNING - From /home/gustavalmeda13/miniconda3/envs/skin_mnist/lib/python3.6/site-packages/keras/backend/tensorflow_backend.py:4070: The name tf.nn.max_pool is deprecated. Please use tf.nn.max_pool2d instead.

2020-04-11 16:06:27,327 - tensorflow - WARNING - From /home/gustavalmeda13/miniconda3/envs/skin_mnist/lib/python3.6/site-packages/keras/backend/tensorflow_backend.py:4074: The name tf.nn.avg_pool is deprecated. Please use tf.nn.avg_pool2d instead.

2020-04-11 16:07:08,766 - tensorflow - WARNING - From /home/gustavalmeda13/miniconda3/envs/skin_mnist/lib/python3.6/site-packages/keras/backend/tensorflow_backend.py:422: The name tf.global_variables is deprecated. Please use tf.compat.v1.global_variables instead.

2020-04-11 16:16:29,447 - tensorflow - WARNING - From /home/gustavalmeda13/miniconda3/envs/skin_mnist/lib/python3.6/site-packages/keras/backend/tensorflow_backend.py:4070: The name tf.nn.max_pool is deprecated. Please use tf.nn.max_pool2d instead.

2020-04-11 16:16:31,190 - tensorflow - WARNING - From /home/gustavalmeda13/miniconda3/envs/skin_mnist/lib/python3.6/site-packages/keras/backend/tensorflow_backend.py:4074: The name tf.nn.avg_pool is deprecated. Please use tf.nn.avg_pool2d instead.

2020-04-11 16:17:13,813 - tensorflow - WARNING - From /home/gustavalmeda13/miniconda3/envs/skin_mnist/lib/python3.6/site-packages/keras/backend/tensorflow_backend.py:422: The name tf.global_variables is deprecated. Please use tf.compat.v1.global_variables instead.

2020-04-15 12:39:26,733 - pyswarms.single.global_best - INFO - Optimize for 2 iters with {'w': 0.9, 'c1': 0.3, 'c2': 0.3}
2020-04-15 14:51:21,738 - pyswarms.single.global_best - INFO - Optimize for 2 iters with {'w': 0.9, 'c1': 0.3, 'c2': 0.3}
2020-04-15 14:57:24,810 - pyswarms.single.global_best - INFO - Optimize for 2 iters with {'w': 0.9, 'c1': 0.3, 'c2': 0.3}
2020-04-15 15:06:23,276 - pyswarms.single.global_best - INFO - Optimize for 2 iters with {'w': 0.9, 'c1': 0.3, 'c2': 0.3}
2020-04-15 15:14:46,457 - pyswarms.single.global_best - INFO - Optimize for 2 iters with {'w': 0.9, 'c1': 0.3, 'c2': 0.3}
2020-04-15 15:33:10,686 - pyswarms.single.global_best - INFO - Optimize for 2 iters with {'w': 0.9, 'c1': 0.3, 'c2': 0.3}
2020-04-15 15:55:43,339 - pyswarms.single.global_best - INFO - Optimize for 2 iters with {'w': 0.9, 'c1': 0.3, 'c2': 0.3}
2020-04-15 16:07:33,471 - pyswarms.single.global_best - INFO - Optimize for 2 iters with {'w': 0.9, 'c1': 0.3, 'c2': 0.3}
2020-04-15 16:27:00,549 - pyswarms.single.global_best - INFO - Optimize for 2 iters with {'w': 0.9, 'c1': 0.3, 'c2': 0.3}
2020-04-15 16:38:29,290 - pyswarms.single.global_best - INFO - Optimize for 2 iters with {'w': 0.9, 'c1': 0.3, 'c2': 0.3}
2020-04-15 16:46:26,937 - pyswarms.single.global_best - INFO - Optimize for 2 iters with {'w': 0.9, 'c1': 0.3, 'c2': 0.3}
2020-04-15 17:07:36,171 - pyswarms.single.global_best - INFO - Optimize for 2 iters with {'w': 0.9, 'c1': 0.3, 'c2': 0.3}
2020-04-15 17:22:40,688 - pyswarms.single.global_best - INFO - Optimize for 2 iters with {'w': 0.9, 'c1': 0.3, 'c2': 0.3}
